<?xml version="1.0" encoding="UTF-8"?>
<!-- Generated by org.testng.reporters.JUnitReportReporter -->
<testsuite hostname="Omprakash" failures="0" tests="1" name="git.practice.prac.Demo" time="0.025" errors="0" timestamp="2022-04-10T10:20:24 IST" skipped="0">
  <testcase classname="git.practice.prac.Demo" name="m1" time="0.025"/>
  <system-out/>
</testsuite> <!-- git.practice.prac.Demo -->
